[2025-10-08 17:40:30] INFO: Server is running on port 5000  
[2025-10-08 23:04:07] INFO: Server is running on port 5000  
[2025-10-08 23:05:03] INFO: Server is running on port 5000  
[2025-10-08 23:12:45] INFO: Server is running on port 5000  
[2025-10-08 23:12:56] INFO: [morgan] [0mGET /girl [36m304[0m 8.107 ms - -[0m  
[2025-10-08 23:12:56] INFO: [morgan] [0mGET /favicon.ico [33m404[0m 4.416 ms - 150[0m  
[2025-10-09 15:06:26] INFO: Server is running on port 5000  
[2025-10-09 16:32:29] INFO: Server is running on port 5000  
[2025-10-09 16:48:26] INFO: Server is running on port 5000  
[2025-10-09 16:55:02] INFO: Server is running on port 5000  
[2025-10-09 17:17:25] INFO: Server is running on port 5000  
[2025-10-09 17:20:10] INFO: Server is running on port 5000  
[2025-10-09 17:22:54] INFO: Server is running on port 5000  
[2025-10-09 17:23:19] INFO: Server is running on port 5000  
[2025-10-09 22:19:30] INFO: Server is running on port 5000  
[2025-10-09 22:21:32] INFO: Server is running on port 5000  
[2025-10-09 22:23:17] INFO: Server is running on port 5000  
[2025-10-09 22:24:22] INFO: Server is running on port 5000  
[2025-10-09 22:36:46] INFO: Server is running on port 5000  
[2025-10-09 22:38:26] INFO: Server is running on port 5000  
[2025-10-09 22:39:39] INFO: Server is running on port 5000  
[2025-10-09 22:40:28] INFO: Server is running on port 5000  
[2025-10-09 22:40:36] INFO: Server is running on port 5000  
[2025-10-09 22:41:14] INFO: Server is running on port 5000  
[2025-10-09 22:41:46] INFO: Server is running on port 5000  
[2025-10-09 22:42:26] INFO: Server is running on port 5000  
[2025-10-09 22:42:53] INFO: Server is running on port 5000  
[2025-10-09 22:43:11] INFO: Server is running on port 5000  
[2025-10-09 22:43:22] INFO: Server is running on port 5000  
[2025-10-09 22:43:45] INFO: Server is running on port 5000  
[2025-10-09 22:44:09] INFO: Server is running on port 5000  
[2025-10-09 22:46:30] INFO: Server is running on port 5000  
[2025-10-09 22:47:32] INFO: Server is running on port 5000  
[2025-10-09 22:50:03] INFO: Server is running on port 5000  
[2025-10-09 22:50:40] INFO: Server is running on port 5000  
[2025-10-09 22:51:24] INFO: Server is running on port 5000  
[2025-10-09 22:52:24] INFO: Server is running on port 5000  
[2025-10-09 22:53:00] INFO: Server is running on port 5000  
[2025-10-09 22:54:10] INFO: Server is running on port 5000  
[2025-10-09 22:55:01] INFO: Server is running on port 5000  
[2025-10-09 22:55:31] INFO: Server is running on port 5000  
[2025-10-09 22:55:55] INFO: Server is running on port 5000  
[2025-10-09 22:56:11] INFO: Server is running on port 5000  
[2025-10-09 22:56:55] INFO: Server is running on port 5000  
[2025-10-09 22:58:10] INFO: Server is running on port 5000  
[2025-10-09 22:58:34] INFO: Server is running on port 5000  
[2025-10-09 22:59:25] INFO: Server is running on port 5000  
[2025-10-09 23:00:18] INFO: Server is running on port 5000  
[2025-10-09 23:00:37] INFO: Server is running on port 5000  
[2025-10-09 23:01:40] INFO: Server is running on port 5000  
[2025-10-09 23:03:22] INFO: Server is running on port 5000  
[2025-10-09 23:04:12] INFO: Server is running on port 5000  
[2025-10-09 23:05:22] INFO: Server is running on port 5000  
[2025-10-09 23:05:51] INFO: Server is running on port 5000  
[2025-10-09 23:06:11] INFO: Server is running on port 5000  
[2025-10-09 23:06:58] INFO: Server is running on port 5000  
[2025-10-09 23:08:46] INFO: Server is running on port 5000  
[2025-10-09 23:09:01] INFO: Server is running on port 5000  
[2025-10-09 23:09:12] INFO: Server is running on port 5000  
[2025-10-09 23:09:25] INFO: Server is running on port 5000  
[2025-10-09 23:09:57] INFO: Server is running on port 5000  
[2025-10-09 23:11:15] INFO: Server is running on port 5000  
[2025-10-09 23:11:35] INFO: Server is running on port 5000  
[2025-10-09 23:16:22] INFO: Server is running on port 5000  
[2025-10-09 23:16:39] INFO: Server is running on port 5000  
[2025-10-09 23:17:44] INFO: Server is running on port 5000  
[2025-10-09 23:17:57] INFO: Server is running on port 5000  
[2025-10-09 23:24:58] INFO: Server is running on port 5000  
[2025-10-09 23:25:07] INFO: Server is running on port 5000  
[2025-10-09 23:26:47] INFO: Server is running on port 5000  
[2025-10-09 23:27:04] INFO: Server is running on port 5000  
[2025-10-09 23:27:28] INFO: Server is running on port 5000  
[2025-10-09 23:27:49] INFO: Server is running on port 5000  
[2025-10-09 23:28:12] INFO: Server is running on port 5000  
[2025-10-09 23:28:30] INFO: Server is running on port 5000  
[2025-10-09 23:29:03] INFO: Server is running on port 5000  
[2025-10-09 23:29:58] INFO: Server is running on port 5000  
[2025-10-09 23:30:14] INFO: Server is running on port 5000  
[2025-10-09 23:30:54] INFO: Server is running on port 5000  
[2025-10-09 23:31:41] INFO: Server is running on port 5000  
[2025-10-09 23:31:47] INFO: Server is running on port 5000  
[2025-10-09 23:32:17] INFO: Server is running on port 5000  
[2025-10-09 23:32:29] INFO: Server is running on port 5000  
[2025-10-09 23:33:02] INFO: Server is running on port 5000  
[2025-10-09 23:33:25] INFO: Server is running on port 5000  
[2025-10-09 23:33:39] INFO: Server is running on port 5000  
[2025-10-09 23:33:53] INFO: Server is running on port 5000  
[2025-10-09 23:34:28] INFO: Server is running on port 5000  
[2025-10-09 23:35:21] INFO: Server is running on port 5000  
[2025-10-09 23:36:45] INFO: Server is running on port 5000  
[2025-10-09 23:38:01] INFO: Server is running on port 5000  
[2025-10-09 23:38:37] INFO: Server is running on port 5000  
[2025-10-09 23:39:10] INFO: Server is running on port 5000  
[2025-10-09 23:40:43] INFO: Server is running on port 5000  
[2025-10-09 23:41:39] INFO: Server is running on port 5000  
[2025-10-09 23:42:25] INFO: Server is running on port 5000  
[2025-10-09 23:43:02] INFO: Server is running on port 5000  
[2025-10-09 23:43:12] INFO: Server is running on port 5000  
[2025-10-09 23:44:36] INFO: Server is running on port 5000  
[2025-10-09 23:44:44] INFO: Server is running on port 5000  
[2025-10-09 23:45:04] INFO: Server is running on port 5000  
[2025-10-09 23:45:26] INFO: Server is running on port 5000  
[2025-10-09 23:48:15] INFO: Server is running on port 5000  
[2025-10-09 23:48:43] INFO: Server is running on port 5000  
[2025-10-09 23:49:31] INFO: Server is running on port 5000  
[2025-10-09 23:50:01] INFO: Server is running on port 5000  
[2025-10-09 23:50:44] INFO: Server is running on port 5000  
[2025-10-09 23:51:18] INFO: Server is running on port 5000  
[2025-10-28 13:18:31] INFO: Server is running on port 5000  
[2025-10-28 22:12:13] INFO: Server is running on port 5000  
[2025-10-28 22:15:53] INFO: Server is running on port 5000  
[2025-10-28 22:17:33] INFO: Server is running on port 5000  
[2025-10-28 22:33:59] INFO: Server is running on port 5000  
[2025-10-28 22:34:31] INFO: Server is running on port 5000  
[2025-10-28 22:38:27] INFO: Server is running on port 5000  
[2025-10-28 22:38:27] INFO: Server is running on port 5000  
[2025-10-28 22:38:43] INFO: Server is running on port 5000  
[2025-10-28 22:38:43] INFO: Server is running on port 5000  
[2025-10-28 22:39:42] INFO: Server is running on port 5000  
[2025-10-28 22:39:42] INFO: Server is running on port 5000  
[2025-10-28 22:40:02] INFO: Server is running on port 5000  
[2025-10-28 22:40:02] INFO: Server is running on port 5000  
[2025-10-28 22:41:17] INFO: Server is running on port 5000  
[2025-10-28 22:41:17] INFO: Server is running on port 5000  
[2025-10-28 22:41:27] INFO: Server is running on port 5000  
[2025-10-28 22:41:27] INFO: Server is running on port 5000  
[2025-10-28 22:44:13] INFO: Server is running on port 5000  
[2025-10-28 22:44:14] INFO: Server is running on port 5000  
[2025-10-28 22:57:19] INFO: Server is running on port 5000  
[2025-10-28 22:57:19] INFO: Server is running on port 5000  
[2025-10-28 22:58:53] INFO: Server is running on port 5000  
[2025-10-28 22:58:53] INFO: Server is running on port 5000  
[2025-10-28 23:01:08] INFO: Server is running on port 5000  
[2025-10-28 23:01:08] INFO: Server is running on port 5000  
[2025-10-28 23:03:45] INFO: Server is running on port 5000  
[2025-10-28 23:03:45] INFO: Server is running on port 5000  
[2025-10-28 23:04:24] INFO: Server is running on port 5000  
[2025-10-28 23:04:24] INFO: Server is running on port 5000  
[2025-10-28 23:17:51] INFO: Server is running on port 5000  
[2025-10-28 23:17:51] INFO: Server is running on port 5000  
[2025-10-28 23:28:15] INFO: Server is running on port 5000  
[2025-10-28 23:28:15] INFO: Server is running on port 5000  
[2025-10-28 23:29:01] INFO: Server is running on port 5000  
[2025-10-28 23:29:01] INFO: Server is running on port 5000  
[2025-10-28 23:29:32] INFO: Server is running on port 5000  
[2025-10-28 23:29:32] INFO: Server is running on port 5000  
[2025-10-28 23:32:32] INFO: Server is running on port 5000  
[2025-10-28 23:32:32] INFO: Server is running on port 5000  
[2025-10-28 23:32:55] INFO: Server is running on port 5000  
[2025-10-28 23:32:55] INFO: Server is running on port 5000  
[2025-10-28 23:34:05] INFO: Server is running on port 5000  
[2025-10-28 23:34:05] INFO: Server is running on port 5000  
[2025-10-28 23:34:36] INFO: Server is running on port 5000  
[2025-10-28 23:34:36] INFO: Server is running on port 5000  
[2025-10-28 23:39:37] INFO: Server is running on port 5000  
[2025-10-28 23:39:37] INFO: Server is running on port 5000  
[2025-10-28 23:39:50] INFO: Server is running on port 5000  
[2025-10-28 23:39:50] INFO: Server is running on port 5000  
[2025-10-28 23:40:14] INFO: Server is running on port 5000  
[2025-10-28 23:40:15] INFO: Server is running on port 5000  
[2025-10-28 23:42:47] INFO: Server is running on port 5000  
[2025-10-28 23:42:47] INFO: Server is running on port 5000  
[2025-10-28 23:43:34] INFO: Server is running on port 5000  
[2025-10-28 23:43:34] INFO: Server is running on port 5000  
[2025-10-29 08:48:31] INFO: Server is running on port 5000  
[2025-10-29 08:48:31] INFO: Server is running on port 5000  
[2025-10-29 08:48:47] INFO: Server is running on port 5000  
[2025-10-29 08:48:47] INFO: Server is running on port 5000  
[2025-10-29 22:13:52] INFO: Server is running on port 5000  
[2025-10-29 22:13:52] INFO: Server is running on port 5000  
[2025-10-29 22:23:37] INFO: Server is running on port 5000  
[2025-10-29 22:23:37] INFO: Server is running on port 5000  
[2025-10-29 22:23:48] INFO: Server is running on port 5000  
[2025-10-29 22:23:48] INFO: Server is running on port 5000  
[2025-10-29 22:24:10] INFO: Server is running on port 5000  
[2025-10-29 22:24:10] INFO: Server is running on port 5000  
[2025-10-29 22:26:01] INFO: Server is running on port 5000  
[2025-10-29 22:26:01] INFO: Server is running on port 5000  
[2025-10-29 22:26:13] INFO: Server is running on port 5000  
[2025-10-29 22:26:13] INFO: Server is running on port 5000  
[2025-10-29 22:26:38] INFO: Server is running on port 5000  
[2025-10-29 22:26:38] INFO: Server is running on port 5000  
[2025-10-29 22:26:48] INFO: Server is running on port 5000  
[2025-10-29 22:26:48] INFO: Server is running on port 5000  
[2025-10-29 22:30:44] INFO: Server is running on port 5000  
[2025-10-29 22:30:44] INFO: Server is running on port 5000  
[2025-10-29 22:31:01] INFO: Server is running on port 5000  
[2025-10-29 22:31:01] INFO: Server is running on port 5000  
[2025-10-29 22:31:37] INFO: Server is running on port 5000  
[2025-10-29 22:31:37] INFO: Server is running on port 5000  
[2025-10-29 22:31:59] INFO: Server is running on port 5000  
[2025-10-29 22:31:59] INFO: Server is running on port 5000  
[2025-10-29 22:32:24] INFO: Server is running on port 5000  
[2025-10-29 22:32:24] INFO: Server is running on port 5000  
[2025-10-29 22:32:53] INFO: Server is running on port 5000  
[2025-10-29 22:32:53] INFO: Server is running on port 5000  
[2025-10-29 22:33:04] INFO: Server is running on port 5000  
[2025-10-29 22:33:04] INFO: Server is running on port 5000  
[2025-10-29 22:33:50] INFO: Server is running on port 5000  
[2025-10-29 22:33:50] INFO: Server is running on port 5000  
[2025-10-29 22:34:10] INFO: Server is running on port 5000  
[2025-10-29 22:34:11] INFO: Server is running on port 5000  
[2025-10-29 22:34:34] INFO: Server is running on port 5000  
[2025-10-29 22:34:34] INFO: Server is running on port 5000  
[2025-10-29 22:34:59] INFO: Server is running on port 5000  
[2025-10-29 22:34:59] INFO: Server is running on port 5000  
[2025-10-29 22:35:29] INFO: Server is running on port 5000  
[2025-10-29 22:35:29] INFO: Server is running on port 5000  
[2025-10-29 22:35:52] INFO: Server is running on port 5000  
[2025-10-29 22:35:52] INFO: Server is running on port 5000  
[2025-10-29 22:36:48] INFO: Server is running on port 5000  
[2025-10-29 22:36:48] INFO: Server is running on port 5000  
[2025-10-31 23:12:45] INFO: Server is running on port 5000  
[2025-10-31 23:41:55] INFO: [morgan] [0mGET /api/user [33m404[0m 13.805 ms - 147[0m  
[2025-10-31 23:42:19] INFO: [morgan] [0mGET /api/v1/user [33m404[0m 0.994 ms - 150[0m  
[2025-10-31 23:43:22] INFO: Server is running on port 5000  
[2025-10-31 23:43:23] INFO: Server is running on port 5000  
[2025-10-31 23:43:43] INFO: Server is running on port 5000  
[2025-10-31 23:43:44] INFO: Server is running on port 5000  
[2025-10-31 23:46:13] INFO: Server is running on port 5000  
[2025-10-31 23:46:13] INFO: Server is running on port 5000  
[2025-10-31 23:54:05] INFO: Server is running on port 5000  
[2025-10-31 23:54:05] INFO: Server is running on port 5000  
[2025-10-31 23:55:07] INFO: Server is running on port 5000  
[2025-10-31 23:55:07] INFO: Server is running on port 5000  
[2025-10-31 23:58:53] INFO: Server is running on port 5000  
[2025-10-31 23:58:53] INFO: Server is running on port 5000  
[2025-10-31 23:59:19] INFO: Server is running on port 5000  
[2025-10-31 23:59:20] INFO: Server is running on port 5000  
[2025-10-31 23:59:39] INFO: Server is running on port 5000  
[2025-10-31 23:59:40] INFO: Server is running on port 5000  
[2025-11-01 22:09:41] INFO: Server is running on port 5000  
[2025-11-01 22:10:26] INFO: Server is running on port 5000  
[2025-11-01 22:19:47] INFO: Server is running on port 5000  
[2025-11-01 22:29:34] INFO: Server is running on port 5000  
[2025-11-01 22:31:50] INFO: Server is running on port 5000  
[2025-11-07 10:55:02] INFO: Server is running on port 5000  
[2025-11-07 10:55:13] INFO: Server is running on port 5000  
[2025-11-24 23:04:03] INFO: Server is running on port 5000  
[2025-11-24 23:35:25] INFO: Server is running on port 5000  
[2025-11-24 23:36:23] INFO: Server is running on port 5000  
[2025-11-24 23:36:54] INFO: Server is running on port 5000  
[2025-11-24 23:37:04] INFO: Server is running on port 5000  
[2025-11-24 23:37:16] INFO: Server is running on port 5000  
[2025-11-24 23:37:43] INFO: Server is running on port 5000  
[2025-11-24 23:39:35] INFO: Server is running on port 5000  
[2025-11-25 20:23:35] INFO: Server is running on port 5000  
[2025-11-25 20:24:26] INFO: Server is running on port 5000  
[2025-11-25 20:25:15] INFO: Server is running on port 5000  
[2025-11-25 20:26:38] INFO: Server is running on port 5000  
[2025-11-25 20:28:32] INFO: Server is running on port 5000  
[2025-11-25 20:29:21] INFO: Server is running on port 5000  
[2025-11-25 20:29:49] INFO: Server is running on port 5000  
[2025-11-25 20:31:26] INFO: Server is running on port 5000  
[2025-11-25 20:32:30] INFO: Server is running on port 5000  
[2025-11-25 20:57:02] INFO: [morgan] [0mOPTIONS /api/v1/auth/signup [32m200[0m 28.962 ms - 4[0m  
[2025-11-25 20:57:20] INFO: [morgan] [0mOPTIONS /api/v1/auth/signup [32m200[0m 11.138 ms - 4[0m  
[2025-11-25 21:08:23] INFO: Server is running on port 5000  
[2025-11-25 21:22:52] INFO: Server is running on port 5000  
[2025-11-25 21:23:40] INFO: [morgan] [0mPOST /api/v1/auth/signup [32m201[0m 695.148 ms - 225[0m  
[2025-11-25 21:24:56] INFO: [morgan] [0mPOST /api/v1/auth/login [31m500[0m 105.683 ms - 37[0m  
[2025-11-25 21:31:04] INFO: Server is running on port 5000  
[2025-11-25 21:33:58] INFO: Server is running on port 5000  
[2025-11-25 21:35:39] INFO: Server is running on port 5000  
[2025-11-25 21:36:04] INFO: Server is running on port 5000  
[2025-11-25 21:37:47] INFO: Server is running on port 5000  
[2025-11-25 21:38:13] INFO: [morgan] [0mPOST /api/v1/auth/login [31m500[0m 191.657 ms - 37[0m  
[2025-11-25 21:38:32] INFO: [morgan] [0mPOST /api/v1/auth/login [31m500[0m 387.012 ms - 37[0m  
[2025-11-25 21:48:02] INFO: Server is running on port 5000  
[2025-11-25 21:49:20] INFO: [morgan] [0mPOST /api/v1/auth/signup [33m400[0m 251.153 ms - 34[0m  
[2025-11-25 21:50:20] INFO: [morgan] [0mPOST /api/v1/auth/signup [32m201[0m 605.530 ms - 228[0m  
[2025-11-25 21:51:02] INFO: [morgan] [0mPOST /api/v1/auth/login [31m500[0m 107.471 ms - 37[0m  
[2025-11-25 21:56:52] INFO: Server is running on port 5000  
[2025-11-25 21:57:00] INFO: [morgan] [0mPOST /api/v1/auth/login [31m500[0m 352.115 ms - 37[0m  
[2025-11-25 22:00:12] INFO: [morgan] [0mPOST /api/v1/auth/login [33m400[0m 338.645 ms - 39[0m  
[2025-11-25 22:00:51] INFO: [morgan] [0mPOST /api/v1/auth/login [33m400[0m 93.968 ms - 39[0m  
[2025-11-25 22:02:53] INFO: [morgan] [0mPOST /api/v1/auth/signup [32m201[0m 536.136 ms - 222[0m  
[2025-11-25 22:03:30] INFO: [morgan] [0mPOST /api/v1/auth/login [31m500[0m 503.605 ms - 37[0m  
[2025-11-25 22:03:56] INFO: [morgan] [0mPOST /api/v1/auth/login [31m500[0m 494.882 ms - 37[0m  
[2025-11-25 22:08:21] INFO: Server is running on port 5000  
[2025-11-25 22:08:36] INFO: [morgan] [0mPOST /api/v1/auth/login [32m200[0m 510.597 ms - 260[0m  
[2025-11-25 22:08:45] INFO: [morgan] [0mPOST /api/v1/auth/login [32m200[0m 506.654 ms - 260[0m  
[2025-11-25 22:10:20] INFO: Server is running on port 5000  
[2025-11-25 22:10:44] INFO: Server is running on port 5000  
[2025-11-25 22:11:01] INFO: Server is running on port 5000  
[2025-11-25 22:11:03] INFO: [morgan] [0mPOST /api/v1/auth/login [31m500[0m 1159.396 ms - 37[0m  
[2025-11-25 22:12:07] INFO: Server is running on port 5000  
[2025-11-25 22:26:27] INFO: Server is running on port 5000  
[2025-11-25 22:32:59] INFO: Server is running on port 5000  
[2025-11-25 22:33:06] INFO: [morgan] [0mPOST /api/v1/auth/login [31m500[0m 457.363 ms - 37[0m  
[2025-11-25 22:40:55] INFO: Server is running on port 5000  
[2025-11-25 22:42:42] INFO: Server is running on port 5000  
[2025-11-25 22:42:55] INFO: [morgan] [0mPOST /api/v1/auth/login [32m200[0m 688.371 ms - 260[0m  
[2025-11-25 22:43:00] INFO: [morgan] [0mPOST /api/v1/auth/login [32m200[0m 765.022 ms - 260[0m  
[2025-11-25 23:19:11] INFO: [morgan] [0mPOST /api/v1/auth/login [32m200[0m 662.391 ms - 260[0m  
[2025-11-27 22:36:14] INFO: [morgan] [0mPOST /api/v1/auth/login [32m200[0m 1299.808 ms - 260[0m  
[2025-11-27 22:36:49] INFO: [morgan] [0mPOST /api/v1/auth/login [32m200[0m 313.558 ms - 260[0m  
[2025-11-30 22:07:52] INFO: Server is running on port 5000  
[2025-11-30 22:08:48] INFO: [morgan] [0mGET /api/v1/recipe [32m200[0m 135.448 ms - 2[0m  
[2025-11-30 22:08:53] INFO: [morgan] [0mGET /api/v1/recipe [36m304[0m 86.073 ms - -[0m  
[2025-11-30 22:34:09] INFO: [morgan] [0mGET /api/v1/recipe [36m304[0m 2026.382 ms - -[0m  
[2025-11-30 22:34:12] INFO: [morgan] [0mGET /api/v1/recipe [36m304[0m 79.845 ms - -[0m  
[2025-11-30 22:34:21] INFO: [morgan] [0mGET /api/v1/recipe [36m304[0m 80.533 ms - -[0m  
[2025-11-30 22:34:21] INFO: [morgan] [0mGET /api/v1/recipe [36m304[0m 93.036 ms - -[0m  
[2025-11-30 22:34:23] INFO: [morgan] [0mGET /api/v1/recipe [36m304[0m 83.776 ms - -[0m  
[2025-11-30 22:34:50] INFO: [morgan] [0mGET /api/v1/recipe [36m304[0m 200.566 ms - -[0m  
[2025-11-30 22:34:50] INFO: [morgan] [0mGET /api/v1/recipe [36m304[0m 87.103 ms - -[0m  
[2025-11-30 22:38:58] INFO: [morgan] [0mGET /api/v1/recipe [36m304[0m 93.045 ms - -[0m  
[2025-11-30 22:38:58] INFO: [morgan] [0mGET /api/v1/recipe [36m304[0m 85.585 ms - -[0m  
[2025-11-30 23:03:20] INFO: Server is running on port 5000  
[2025-11-30 23:04:17] INFO: [morgan] [0mGET /api/v1/recipe [36m304[0m 181.751 ms - -[0m  
[2025-11-30 23:04:17] INFO: [morgan] [0mGET /api/v1/recipe [36m304[0m 156.678 ms - -[0m  
[2025-12-01 13:19:23] INFO: Server is running on port 5000  
[2025-12-01 13:19:34] INFO: Server is running on port 5000  
[2025-12-01 13:20:03] INFO: Server is running on port 5000  
[2025-12-01 13:21:17] INFO: Server is running on port 5000  
[2025-12-01 13:21:43] INFO: Server is running on port 5000  
[2025-12-01 13:24:28] INFO: Server is running on port 5000  
[2025-12-01 13:27:02] INFO: Server is running on port 5000  
[2025-12-01 13:50:11] INFO: Server is running on port 5000  
[2025-12-01 13:53:03] INFO: Server is running on port 5000  
[2025-12-01 14:11:44] INFO: Server is running on port 5000  
[2025-12-01 14:12:23] INFO: [morgan] [0mGET /api/v1/recipe [36m304[0m 231.946 ms - -[0m  
[2025-12-01 14:23:14] INFO: [morgan] [0mPOST /api/v1/recipe [31m500[0m 55.790 ms - 1471[0m  
[2025-12-01 14:23:14] INFO: [morgan] [0mGET /api/v1/recipe [36m304[0m 117.854 ms - -[0m  
[2025-12-01 14:23:14] INFO: [morgan] [0mGET /api/v1/recipe [36m304[0m 118.303 ms - -[0m  
[2025-12-01 14:23:55] INFO: [morgan] [0mGET /api/v1/recipe [36m304[0m 96.553 ms - -[0m  
[2025-12-01 14:23:58] INFO: [morgan] [0mGET /api/v1/recipe [36m304[0m 356.191 ms - -[0m  
[2025-12-01 14:54:50] INFO: [morgan] [0mPOST /api/v1/recipe [31m500[0m 40.298 ms - 1459[0m  
[2025-12-01 14:54:51] INFO: [morgan] [0mGET /api/v1/recipe [36m304[0m 642.787 ms - -[0m  
[2025-12-01 14:54:51] INFO: [morgan] [0mGET /api/v1/recipe [36m304[0m 109.346 ms - -[0m  
[2025-12-01 15:29:46] INFO: [morgan] [0mGET /api/v1/recipe [36m304[0m 16118.666 ms - -[0m  
[2025-12-01 15:29:46] INFO: [morgan] [0mGET /api/v1/recipe [36m304[0m 177.630 ms - -[0m  
[2025-12-01 15:31:29] INFO: [morgan] [0mPOST /api/v1/recipe [31m500[0m 14.921 ms - 1455[0m  
[2025-12-01 15:31:30] INFO: [morgan] [0mGET /api/v1/recipe [36m304[0m 120.498 ms - -[0m  
[2025-12-01 15:31:30] INFO: [morgan] [0mGET /api/v1/recipe [36m304[0m 122.152 ms - -[0m  
[2025-12-02 12:15:05] INFO: [morgan] [0mGET /api/v1/recipe [36m304[0m 788.438 ms - -[0m  
[2025-12-02 12:29:13] INFO: [morgan] [0mGET /api/v1/recipe [36m304[0m 94.417 ms - -[0m  
[2025-12-02 12:29:13] INFO: [morgan] [0mGET /api/v1/recipe [36m304[0m 74.313 ms - -[0m  
[2025-12-02 12:29:55] INFO: [morgan] [0mGET /api/v1/recipe [36m304[0m 79.617 ms - -[0m  
[2025-12-02 12:29:55] INFO: [morgan] [0mGET /api/v1/recipe [36m304[0m 80.990 ms - -[0m  
[2025-12-02 12:30:08] INFO: [morgan] [0mGET /api/v1/recipe [36m304[0m 83.792 ms - -[0m  
[2025-12-02 12:30:08] INFO: [morgan] [0mGET /api/v1/recipe [36m304[0m 77.714 ms - -[0m  
[2025-12-02 12:33:00] INFO: [morgan] [0mGET /api/v1/recipe [36m304[0m 75.281 ms - -[0m  
[2025-12-02 12:33:00] INFO: [morgan] [0mGET /api/v1/recipe [36m304[0m 77.137 ms - -[0m  
[2025-12-02 12:50:13] INFO: [morgan] [0mGET /api/v1/recipe [36m304[0m 90.790 ms - -[0m  
[2025-12-02 12:50:14] INFO: [morgan] [0mGET /api/v1/recipe [36m304[0m 78.842 ms - -[0m  
[2025-12-02 13:03:49] INFO: [morgan] [0mGET /api/v1/recipe [36m304[0m 79.843 ms - -[0m  
[2025-12-02 13:03:49] INFO: [morgan] [0mGET /api/v1/recipe [36m304[0m 86.358 ms - -[0m  
[2025-12-02 13:18:29] INFO: [morgan] [0mGET /api/v1/recipe [36m304[0m 116.175 ms - -[0m  
[2025-12-02 13:53:24] INFO: [morgan] [0mGET /api/v1/recipe [0m-[0m - ms - -[0m  
[2025-12-02 13:59:23] INFO: [morgan] [0mPOST /api/v1/auth/signup [32m201[0m 1968.311 ms - 228[0m  
[2025-12-02 13:59:50] INFO: [morgan] [0mPOST /api/v1/auth/login [32m200[0m 381.581 ms - 266[0m  
[2025-12-02 13:59:50] INFO: [morgan] [0mGET /api/v1/recipe [32m200[0m 81.667 ms - 2[0m  
[2025-12-02 13:59:50] INFO: [morgan] [0mGET /api/v1/recipe [36m304[0m 91.059 ms - -[0m  
[2025-12-02 13:59:59] INFO: [morgan] [0mGET /api/v1/recipe [36m304[0m 83.713 ms - -[0m  
[2025-12-02 13:59:59] INFO: [morgan] [0mGET /api/v1/recipe [36m304[0m 80.980 ms - -[0m  
[2025-12-02 14:05:20] INFO: [morgan] [0mGET /api/v1/recipe [36m304[0m 84.432 ms - -[0m  
[2025-12-02 14:05:20] INFO: [morgan] [0mGET /api/v1/recipe [36m304[0m 82.696 ms - -[0m  
[2025-12-02 21:06:58] INFO: [morgan] [0mPOST /api/v1/auth/signup [32m201[0m 4303.077 ms - 227[0m  
[2025-12-02 21:08:10] INFO: [morgan] [0mPOST /api/v1/auth/login [32m200[0m 617.829 ms - 265[0m  
[2025-12-02 21:08:11] INFO: [morgan] [0mGET /api/v1/recipe [36m304[0m 179.340 ms - -[0m  
[2025-12-02 21:08:11] INFO: [morgan] [0mGET /api/v1/recipe [36m304[0m 236.628 ms - -[0m  
[2025-12-02 21:09:21] INFO: [morgan] [0mGET /api/v1/recipe [36m304[0m 277.670 ms - -[0m  
[2025-12-02 21:09:21] INFO: [morgan] [0mGET /api/v1/recipe [36m304[0m 169.472 ms - -[0m  
[2025-12-02 21:23:56] INFO: [morgan] [0mGET /api/v1/recipe [36m304[0m 183.991 ms - -[0m  
[2025-12-02 21:23:56] INFO: [morgan] [0mGET /api/v1/recipe [36m304[0m 207.386 ms - -[0m  
[2025-12-03 08:25:16] INFO: [morgan] [0mGET /api/v1/recipe [36m304[0m 1534.458 ms - -[0m  
[2025-12-03 08:25:16] INFO: [morgan] [0mGET /api/v1/recipe [36m304[0m 78.255 ms - -[0m  
[2025-12-03 08:25:22] INFO: [morgan] [0mGET /api/v1/recipe [36m304[0m 88.200 ms - -[0m  
[2025-12-03 08:25:22] INFO: [morgan] [0mGET /api/v1/recipe [36m304[0m 78.147 ms - -[0m  
[2025-12-03 08:28:08] INFO: [morgan] [0mPOST /api/v1/recipe [31m500[0m 145.389 ms - 1462[0m  
[2025-12-03 08:28:09] INFO: [morgan] [0mGET /api/v1/recipe [36m304[0m 143.242 ms - -[0m  
[2025-12-03 08:28:09] INFO: [morgan] [0mGET /api/v1/recipe [36m304[0m 81.441 ms - -[0m  
[2025-12-03 08:31:07] INFO: [morgan] [0mPOST /api/v1/recipe [31m500[0m 15.788 ms - 1462[0m  
[2025-12-03 08:31:07] INFO: [morgan] [0mGET /api/v1/recipe [36m304[0m 92.269 ms - -[0m  
[2025-12-03 08:31:07] INFO: [morgan] [0mGET /api/v1/recipe [36m304[0m 76.840 ms - -[0m  
